<?xml version="1.0" encoding="UTF-8"?>
<testng-results skipped="0" failed="0" ignored="0" total="1" passed="1">
  <reporter-output>
  </reporter-output>
  <suite name="Default suite" duration-ms="2377" started-at="2019-11-30T02:24:13Z" finished-at="2019-11-30T02:24:15Z">
    <groups>
    </groups>
    <test name="Default test" duration-ms="2377" started-at="2019-11-30T02:24:13Z" finished-at="2019-11-30T02:24:15Z">
      <class name="jsonresponse">
        <test-method status="PASS" signature="postvalidation()[pri:0, instance:jsonresponse@724af044]" name="postvalidation" duration-ms="2331" started-at="2019-11-30T02:24:13Z" finished-at="2019-11-30T02:24:15Z">
          <reporter-output>
          </reporter-output>
        </test-method> <!-- postvalidation -->
      </class> <!-- jsonresponse -->
    </test> <!-- Default test -->
  </suite> <!-- Default suite -->
</testng-results>
